# JRE version: Java(TM) SE Runtime Environment (11.0.2+9) (build 11.0.2+9-LTS)
# Java VM: Java HotSpot(TM) 64-Bit Server VM (11.0.2+9-LTS, mixed mode, tiered, compressed oops, g1 gc, bsd-amd64)
Heap:
 garbage-first heap   total 524288K, used 109021K [0x00000007e0000000, 0x0000000800000000)
  region size 1024K, 28 young (28672K), 2 survivors (2048K)
 Metaspace       used 109757K, capacity 112531K, committed 112896K, reserved 354304K
  class space    used 12688K, capacity 13693K, committed 13824K, reserved 253952K
GC Heap History (10 events):
Event: 6176.643 GC heap before
{Heap before GC invocations=213 (full 0):
 garbage-first heap   total 524288K, used 302183K [0x00000007e0000000, 0x0000000800000000)
  region size 1024K, 209 young (214016K), 3 survivors (3072K)
 Metaspace       used 108886K, capacity 111605K, committed 111744K, reserved 352256K
  class space    used 12665K, capacity 13653K, committed 13696K, reserved 253952K
}
Event: 6176.652 GC heap after
{Heap after GC invocations=214 (full 0):
 garbage-first heap   total 524288K, used 94387K [0x00000007e0000000, 0x0000000800000000)
  region size 1024K, 5 young (5120K), 5 survivors (5120K)
 Metaspace       used 108886K, capacity 111605K, committed 111744K, reserved 352256K
  class space    used 12665K, capacity 13653K, committed 13696K, reserved 253952K
}
Event: 6236.370 GC heap before
{Heap before GC invocations=214 (full 0):
 garbage-first heap   total 524288K, used 113843K [0x00000007e0000000, 0x0000000800000000)
  region size 1024K, 25 young (25600K), 5 survivors (5120K)
 Metaspace       used 108948K, capacity 111623K, committed 111744K, reserved 352256K
  class space    used 12668K, capacity 13657K, committed 13696K, reserved 253952K
}
Event: 6236.379 GC heap after
{Heap after GC invocations=215 (full 0):
 garbage-first heap   total 524288K, used 82391K [0x00000007e0000000, 0x0000000800000000)
  region size 1024K, 2 young (2048K), 2 survivors (2048K)
 Metaspace       used 108948K, capacity 111623K, committed 111744K, reserved 352256K
  class space    used 12668K, capacity 13657K, committed 13696K, reserved 253952K
}
Event: 8407.096 GC heap before
{Heap before GC invocations=215 (full 0):
 garbage-first heap   total 524288K, used 355799K [0x00000007e0000000, 0x0000000800000000)
  region size 1024K, 269 young (275456K), 2 survivors (2048K)
 Metaspace       used 109718K, capacity 112620K, committed 112896K, reserved 354304K
  class space    used 12722K, capacity 13757K, committed 13824K, reserved 253952K
}
Event: 8407.100 GC heap after
{Heap after GC invocations=216 (full 0):
 garbage-first heap   total 524288K, used 81824K [0x00000007e0000000, 0x0000000800000000)
  region size 1024K, 1 young (1024K), 1 survivors (1024K)
 Metaspace       used 109718K, capacity 112620K, committed 112896K, reserved 354304K
  class space    used 12722K, capacity 13757K, committed 13824K, reserved 253952K
}
Event: 9886.159 GC heap before
{Heap before GC invocations=217 (full 0):
 garbage-first heap   total 524288K, used 380832K [0x00000007e0000000, 0x0000000800000000)
  region size 1024K, 293 young (300032K), 1 survivors (1024K)
 Metaspace       used 109578K, capacity 112304K, committed 112896K, reserved 354304K
  class space    used 12666K, capacity 13653K, committed 13824K, reserved 253952K
}
Event: 9886.170 GC heap after
{Heap after GC invocations=218 (full 0):
 garbage-first heap   total 524288K, used 89251K [0x00000007e0000000, 0x0000000800000000)
  region size 1024K, 8 young (8192K), 8 survivors (8192K)
 Metaspace       used 109578K, capacity 112304K, committed 112896K, reserved 354304K
  class space    used 12666K, capacity 13653K, committed 13824K, reserved 253952K
}
Event: 9915.616 GC heap before
{Heap before GC invocations=218 (full 0):
 garbage-first heap   total 524288K, used 105635K [0x00000007e0000000, 0x0000000800000000)
  region size 1024K, 25 young (25600K), 8 survivors (8192K)
 Metaspace       used 109661K, capacity 112378K, committed 112896K, reserved 354304K
  class space    used 12674K, capacity 13668K, committed 13824K, reserved 253952K
}
Event: 9915.630 GC heap after
{Heap after GC invocations=219 (full 0):
 garbage-first heap   total 524288K, used 83421K [0x00000007e0000000, 0x0000000800000000)
  region size 1024K, 2 young (2048K), 2 survivors (2048K)
 Metaspace       used 109661K, capacity 112378K, committed 112896K, reserved 354304K
  class space    used 12674K, capacity 13668K, committed 13824K, reserved 253952K
}

