# JRE version: OpenJDK Runtime Environment (8.0_152-b01) (build 1.8.0_152-release-1343-b01)
# Java VM: OpenJDK 64-Bit Server VM (25.152-b01 mixed mode bsd-amd64 compressed oops)
Heap:
 PSYoungGen      total 154112K, used 123876K [0x00000007b5580000, 0x00000007c0000000, 0x00000007c0000000)
  eden space 140800K, 78% used [0x00000007b5580000,0x00000007bc17a760,0x00000007bdf00000)
  from space 13312K, 99% used [0x00000007bf300000,0x00000007bfffead8,0x00000007c0000000)
  to   space 16896K, 0% used [0x00000007bdf00000,0x00000007bdf00000,0x00000007bef80000)
 ParOldGen       total 105472K, used 23996K [0x00000007a0000000, 0x00000007a6700000, 0x00000007b5580000)
  object space 105472K, 22% used [0x00000007a0000000,0x00000007a176f0f8,0x00000007a6700000)
 Metaspace       used 56923K, capacity 58388K, committed 58624K, reserved 1099776K
  class space    used 7684K, capacity 8068K, committed 8192K, reserved 1048576K
GC Heap History (10 events):
Event: 2.969 GC heap before
{Heap before GC invocations=6 (full 1):
 PSYoungGen      total 88576K, used 6624K [0x00000007b5580000, 0x00000007c0000000, 0x00000007c0000000)
  eden space 81920K, 0% used [0x00000007b5580000,0x00000007b5580000,0x00000007ba580000)
  from space 6656K, 99% used [0x00000007ba580000,0x00000007babf8030,0x00000007bac00000)
  to   space 11264K, 0% used [0x00000007bf500000,0x00000007bf500000,0x00000007c0000000)
 ParOldGen       total 109568K, used 6466K [0x00000007a0000000, 0x00000007a6b00000, 0x00000007b5580000)
  object space 109568K, 5% used [0x00000007a0000000,0x00000007a06509a8,0x00000007a6b00000)
 Metaspace       used 20581K, capacity 21052K, committed 21296K, reserved 1067008K
  class space    used 2887K, capacity 3086K, committed 3200K, reserved 1048576K
Event: 3.000 GC heap after
Heap after GC invocations=6 (full 1):
 PSYoungGen      total 88576K, used 0K [0x00000007b5580000, 0x00000007c0000000, 0x00000007c0000000)
  eden space 81920K, 0% used [0x00000007b5580000,0x00000007b5580000,0x00000007ba580000)
  from space 6656K, 0% used [0x00000007ba580000,0x00000007ba580000,0x00000007bac00000)
  to   space 11264K, 0% used [0x00000007bf500000,0x00000007bf500000,0x00000007c0000000)
 ParOldGen       total 64512K, used 7618K [0x00000007a0000000, 0x00000007a3f00000, 0x00000007b5580000)
  object space 64512K, 11% used [0x00000007a0000000,0x00000007a0770bb0,0x00000007a3f00000)
 Metaspace       used 20581K, capacity 21052K, committed 21296K, reserved 1067008K
  class space    used 2887K, capacity 3086K, committed 3200K, reserved 1048576K
}
Event: 4.054 GC heap before
{Heap before GC invocations=7 (full 1):
 PSYoungGen      total 88576K, used 81920K [0x00000007b5580000, 0x00000007c0000000, 0x00000007c0000000)
  eden space 81920K, 100% used [0x00000007b5580000,0x00000007ba580000,0x00000007ba580000)
  from space 6656K, 0% used [0x00000007ba580000,0x00000007ba580000,0x00000007bac00000)
  to   space 11264K, 0% used [0x00000007bf500000,0x00000007bf500000,0x00000007c0000000)
 ParOldGen       total 64512K, used 7618K [0x00000007a0000000, 0x00000007a3f00000, 0x00000007b5580000)
  object space 64512K, 11% used [0x00000007a0000000,0x00000007a0770bb0,0x00000007a3f00000)
 Metaspace       used 29040K, capacity 29516K, committed 29824K, reserved 1075200K
  class space    used 3916K, capacity 4104K, committed 4224K, reserved 1048576K
Event: 4.062 GC heap after
Heap after GC invocations=7 (full 1):
 PSYoungGen      total 145408K, used 9191K [0x00000007b5580000, 0x00000007bfe00000, 0x00000007c0000000)
  eden space 136192K, 0% used [0x00000007b5580000,0x00000007b5580000,0x00000007bda80000)
  from space 9216K, 99% used [0x00000007bf500000,0x00000007bfdf9de8,0x00000007bfe00000)
  to   space 11264K, 0% used [0x00000007be800000,0x00000007be800000,0x00000007bf300000)
 ParOldGen       total 64512K, used 7626K [0x00000007a0000000, 0x00000007a3f00000, 0x00000007b5580000)
  object space 64512K, 11% used [0x00000007a0000000,0x00000007a0772bb0,0x00000007a3f00000)
 Metaspace       used 29040K, capacity 29516K, committed 29824K, reserved 1075200K
  class space    used 3916K, capacity 4104K, committed 4224K, reserved 1048576K
}
Event: 5.268 GC heap before
{Heap before GC invocations=8 (full 1):
 PSYoungGen      total 145408K, used 116476K [0x00000007b5580000, 0x00000007bfe00000, 0x00000007c0000000)
  eden space 136192K, 78% used [0x00000007b5580000,0x00000007bbe453b8,0x00000007bda80000)
  from space 9216K, 99% used [0x00000007bf500000,0x00000007bfdf9de8,0x00000007bfe00000)
  to   space 11264K, 0% used [0x00000007be800000,0x00000007be800000,0x00000007bf300000)
 ParOldGen       total 64512K, used 7626K [0x00000007a0000000, 0x00000007a3f00000, 0x00000007b5580000)
  object space 64512K, 11% used [0x00000007a0000000,0x00000007a0772bb0,0x00000007a3f00000)
 Metaspace       used 34667K, capacity 35374K, committed 35456K, reserved 1079296K
  class space    used 4777K, capacity 4966K, committed 4992K, reserved 1048576K
Event: 5.282 GC heap after
Heap after GC invocations=8 (full 1):
 PSYoungGen      total 161280K, used 11237K [0x00000007b5580000, 0x00000007c0000000, 0x00000007c0000000)
  eden space 150016K, 0% used [0x00000007b5580000,0x00000007b5580000,0x00000007be800000)
  from space 11264K, 99% used [0x00000007be800000,0x00000007bf2f9748,0x00000007bf300000)
  to   space 13312K, 0% used [0x00000007bf300000,0x00000007bf300000,0x00000007c0000000)
 ParOldGen       total 64512K, used 8902K [0x00000007a0000000, 0x00000007a3f00000, 0x00000007b5580000)
  object space 64512K, 13% used [0x00000007a0000000,0x00000007a08b19a8,0x00000007a3f00000)
 Metaspace       used 34667K, capacity 35374K, committed 35456K, reserved 1079296K
  class space    used 4777K, capacity 4966K, committed 4992K, reserved 1048576K
}
Event: 5.282 GC heap before
{Heap before GC invocations=9 (full 2):
 PSYoungGen      total 161280K, used 11237K [0x00000007b5580000, 0x00000007c0000000, 0x00000007c0000000)
  eden space 150016K, 0% used [0x00000007b5580000,0x00000007b5580000,0x00000007be800000)
  from space 11264K, 99% used [0x00000007be800000,0x00000007bf2f9748,0x00000007bf300000)
  to   space 13312K, 0% used [0x00000007bf300000,0x00000007bf300000,0x00000007c0000000)
 ParOldGen       total 64512K, used 8902K [0x00000007a0000000, 0x00000007a3f00000, 0x00000007b5580000)
  object space 64512K, 13% used [0x00000007a0000000,0x00000007a08b19a8,0x00000007a3f00000)
 Metaspace       used 34667K, capacity 35374K, committed 35456K, reserved 1079296K
  class space    used 4777K, capacity 4966K, committed 4992K, reserved 1048576K
Event: 5.366 GC heap after
Heap after GC invocations=9 (full 2):
 PSYoungGen      total 161280K, used 0K [0x00000007b5580000, 0x00000007c0000000, 0x00000007c0000000)
  eden space 150016K, 0% used [0x00000007b5580000,0x00000007b5580000,0x00000007be800000)
  from space 11264K, 0% used [0x00000007be800000,0x00000007be800000,0x00000007bf300000)
  to   space 13312K, 0% used [0x00000007bf300000,0x00000007bf300000,0x00000007c0000000)
 ParOldGen       total 105472K, used 19067K [0x00000007a0000000, 0x00000007a6700000, 0x00000007b5580000)
  object space 105472K, 18% used [0x00000007a0000000,0x00000007a129ec90,0x00000007a6700000)
 Metaspace       used 34653K, capacity 35326K, committed 35456K, reserved 1079296K
  class space    used 4772K, capacity 4958K, committed 4992K, reserved 1048576K
}
Event: 7.012 GC heap before
{Heap before GC invocations=10 (full 2):
 PSYoungGen      total 161280K, used 150016K [0x00000007b5580000, 0x00000007c0000000, 0x00000007c0000000)
  eden space 150016K, 100% used [0x00000007b5580000,0x00000007be800000,0x00000007be800000)
  from space 11264K, 0% used [0x00000007be800000,0x00000007be800000,0x00000007bf300000)
  to   space 13312K, 0% used [0x00000007bf300000,0x00000007bf300000,0x00000007c0000000)
 ParOldGen       total 105472K, used 19067K [0x00000007a0000000, 0x00000007a6700000, 0x00000007b5580000)
  object space 105472K, 18% used [0x00000007a0000000,0x00000007a129ec90,0x00000007a6700000)
 Metaspace       used 46298K, capacity 47266K, committed 47616K, reserved 1089536K
  class space    used 6280K, capacity 6547K, committed 6656K, reserved 1048576K
Event: 7.027 GC heap after
Heap after GC invocations=10 (full 2):
 PSYoungGen      total 154112K, used 13306K [0x00000007b5580000, 0x00000007c0000000, 0x00000007c0000000)
  eden space 140800K, 0% used [0x00000007b5580000,0x00000007b5580000,0x00000007bdf00000)
  from space 13312K, 99% used [0x00000007bf300000,0x00000007bfffead8,0x00000007c0000000)
  to   space 16896K, 0% used [0x00000007bdf00000,0x00000007bdf00000,0x00000007bef80000)
 ParOldGen       total 105472K, used 23996K [0x00000007a0000000, 0x00000007a6700000, 0x00000007b5580000)
  object space 105472K, 22% used [0x00000007a0000000,0x00000007a176f0f8,0x00000007a6700000)
 Metaspace       used 46298K, capacity 47266K, committed 47616K, reserved 1089536K
  class space    used 6280K, capacity 6547K, committed 6656K, reserved 1048576K
}

