# JRE version: Java(TM) SE Runtime Environment (11.0.2+9) (build 11.0.2+9-LTS)
# Java VM: Java HotSpot(TM) 64-Bit Server VM (11.0.2+9-LTS, mixed mode, tiered, compressed oops, g1 gc, bsd-amd64)
Heap:
 garbage-first heap   total 524288K, used 281801K [0x00000007e0000000, 0x0000000800000000)
  region size 1024K, 122 young (124928K), 7 survivors (7168K)
 Metaspace       used 108029K, capacity 110525K, committed 110720K, reserved 352256K
  class space    used 12550K, capacity 13416K, committed 13440K, reserved 253952K
GC Heap History (10 events):
Event: 3345.258 GC heap before
{Heap before GC invocations=212 (full 0):
 garbage-first heap   total 524288K, used 515164K [0x00000007e0000000, 0x0000000800000000)
  region size 1024K, 21 young (21504K), 5 survivors (5120K)
 Metaspace       used 107338K, capacity 109711K, committed 109952K, reserved 352256K
  class space    used 12475K, capacity 13341K, committed 13440K, reserved 253952K
}
Event: 3345.261 GC heap after
{Heap after GC invocations=213 (full 0):
 garbage-first heap   total 524288K, used 163407K [0x00000007e0000000, 0x0000000800000000)
  region size 1024K, 1 young (1024K), 1 survivors (1024K)
 Metaspace       used 107338K, capacity 109711K, committed 109952K, reserved 352256K
  class space    used 12475K, capacity 13341K, committed 13440K, reserved 253952K
}
Event: 3345.860 GC heap before
{Heap before GC invocations=213 (full 0):
 garbage-first heap   total 524288K, used 219727K [0x00000007e0000000, 0x0000000800000000)
  region size 1024K, 25 young (25600K), 1 survivors (1024K)
 Metaspace       used 107338K, capacity 109711K, committed 109952K, reserved 352256K
  class space    used 12475K, capacity 13341K, committed 13440K, reserved 253952K
}
Event: 3345.865 GC heap after
{Heap after GC invocations=214 (full 0):
 garbage-first heap   total 524288K, used 156956K [0x00000007e0000000, 0x0000000800000000)
  region size 1024K, 4 young (4096K), 4 survivors (4096K)
 Metaspace       used 107338K, capacity 109711K, committed 109952K, reserved 352256K
  class space    used 12475K, capacity 13341K, committed 13440K, reserved 253952K
}
Event: 3345.866 GC heap before
{Heap before GC invocations=214 (full 0):
 garbage-first heap   total 524288K, used 156956K [0x00000007e0000000, 0x0000000800000000)
  region size 1024K, 5 young (5120K), 4 survivors (4096K)
 Metaspace       used 107338K, capacity 109711K, committed 109952K, reserved 352256K
  class space    used 12475K, capacity 13341K, committed 13440K, reserved 253952K
}
Event: 3345.869 GC heap after
{Heap after GC invocations=215 (full 0):
 garbage-first heap   total 524288K, used 157221K [0x00000007e0000000, 0x0000000800000000)
  region size 1024K, 5 young (5120K), 5 survivors (5120K)
 Metaspace       used 107338K, capacity 109711K, committed 109952K, reserved 352256K
  class space    used 12475K, capacity 13341K, committed 13440K, reserved 253952K
}
Event: 3346.128 GC heap before
{Heap before GC invocations=216 (full 0):
 garbage-first heap   total 524288K, used 205349K [0x00000007e0000000, 0x0000000800000000)
  region size 1024K, 10 young (10240K), 5 survivors (5120K)
 Metaspace       used 107338K, capacity 109711K, committed 109952K, reserved 352256K
  class space    used 12475K, capacity 13341K, committed 13440K, reserved 253952K
}
Event: 3346.131 GC heap after
{Heap after GC invocations=217 (full 0):
 garbage-first heap   total 524288K, used 175035K [0x00000007e0000000, 0x0000000800000000)
  region size 1024K, 5 young (5120K), 5 survivors (5120K)
 Metaspace       used 107338K, capacity 109711K, committed 109952K, reserved 352256K
  class space    used 12475K, capacity 13341K, committed 13440K, reserved 253952K
}
Event: 3346.383 GC heap before
{Heap before GC invocations=218 (full 0):
 garbage-first heap   total 524288K, used 195515K [0x00000007e0000000, 0x0000000800000000)
  region size 1024K, 16 young (16384K), 5 survivors (5120K)
 Metaspace       used 107338K, capacity 109711K, committed 109952K, reserved 352256K
  class space    used 12475K, capacity 13341K, committed 13440K, reserved 253952K
}
Event: 3346.386 GC heap after
{Heap after GC invocations=219 (full 0):
 garbage-first heap   total 524288K, used 164041K [0x00000007e0000000, 0x0000000800000000)
  region size 1024K, 7 young (7168K), 7 survivors (7168K)
 Metaspace       used 107338K, capacity 109711K, committed 109952K, reserved 352256K
  class space    used 12475K, capacity 13341K, committed 13440K, reserved 253952K
}

